# JRE version: Java(TM) SE Runtime Environment (8.0_191-b12) (build 1.8.0_191-b12)
# Java VM: Java HotSpot(TM) 64-Bit Server VM (25.191-b12 mixed mode linux-amd64 compressed oops)
Heap:
 PSYoungGen      total 265728K, used 2936K [0x00000000d7380000, 0x00000000e8380000, 0x0000000100000000)
  eden space 253440K, 0% used [0x00000000d7380000,0x00000000d7380000,0x00000000e6b00000)
  from space 12288K, 23% used [0x00000000e6b00000,0x00000000e6dde110,0x00000000e7700000)
  to   space 11776K, 0% used [0x00000000e7700000,0x00000000e7700000,0x00000000e8280000)
 ParOldGen       total 84992K, used 16441K [0x0000000085a00000, 0x000000008ad00000, 0x00000000d7380000)
  object space 84992K, 19% used [0x0000000085a00000,0x0000000086a0e7f8,0x000000008ad00000)
 Metaspace       used 14375K, capacity 14650K, committed 14976K, reserved 1062912K
  class space    used 1714K, capacity 1795K, committed 1920K, reserved 1048576K
GC Heap History (10 events):
Event: 5,967 GC heap after
Heap after GC invocations=4 (full 0):
 PSYoungGen      total 68608K, used 5108K [0x00000000d7380000, 0x00000000dbb80000, 0x0000000100000000)
  eden space 63488K, 0% used [0x00000000d7380000,0x00000000d7380000,0x00000000db180000)
  from space 5120K, 99% used [0x00000000db680000,0x00000000dbb7d2a0,0x00000000dbb80000)
  to   space 5120K, 0% used [0x00000000db180000,0x00000000db180000,0x00000000db680000)
 ParOldGen       total 84992K, used 11423K [0x0000000085a00000, 0x000000008ad00000, 0x00000000d7380000)
  object space 84992K, 13% used [0x0000000085a00000,0x0000000086527d10,0x000000008ad00000)
 Metaspace       used 13709K, capacity 13928K, committed 14080K, reserved 1060864K
  class space    used 1699K, capacity 1778K, committed 1792K, reserved 1048576K
}
Event: 6,184 GC heap before
{Heap before GC invocations=5 (full 0):
 PSYoungGen      total 68608K, used 68596K [0x00000000d7380000, 0x00000000dbb80000, 0x0000000100000000)
  eden space 63488K, 100% used [0x00000000d7380000,0x00000000db180000,0x00000000db180000)
  from space 5120K, 99% used [0x00000000db680000,0x00000000dbb7d2a0,0x00000000dbb80000)
  to   space 5120K, 0% used [0x00000000db180000,0x00000000db180000,0x00000000db680000)
 ParOldGen       total 84992K, used 11423K [0x0000000085a00000, 0x000000008ad00000, 0x00000000d7380000)
  object space 84992K, 13% used [0x0000000085a00000,0x0000000086527d10,0x000000008ad00000)
 Metaspace       used 13887K, capacity 14148K, committed 14336K, reserved 1062912K
  class space    used 1706K, capacity 1786K, committed 1792K, reserved 1048576K
Event: 6,193 GC heap after
Heap after GC invocations=5 (full 0):
 PSYoungGen      total 68608K, used 5092K [0x00000000d7380000, 0x00000000e0780000, 0x0000000100000000)
  eden space 63488K, 0% used [0x00000000d7380000,0x00000000d7380000,0x00000000db180000)
  from space 5120K, 99% used [0x00000000db180000,0x00000000db679290,0x00000000db680000)
  to   space 12288K, 0% used [0x00000000dfb80000,0x00000000dfb80000,0x00000000e0780000)
 ParOldGen       total 84992K, used 11517K [0x0000000085a00000, 0x000000008ad00000, 0x00000000d7380000)
  object space 84992K, 13% used [0x0000000085a00000,0x000000008653f550,0x000000008ad00000)
 Metaspace       used 13887K, capacity 14148K, committed 14336K, reserved 1062912K
  class space    used 1706K, capacity 1786K, committed 1792K, reserved 1048576K
}
Event: 6,522 GC heap before
{Heap before GC invocations=6 (full 0):
 PSYoungGen      total 68608K, used 68580K [0x00000000d7380000, 0x00000000e0780000, 0x0000000100000000)
  eden space 63488K, 100% used [0x00000000d7380000,0x00000000db180000,0x00000000db180000)
  from space 5120K, 99% used [0x00000000db180000,0x00000000db679290,0x00000000db680000)
  to   space 12288K, 0% used [0x00000000dfb80000,0x00000000dfb80000,0x00000000e0780000)
 ParOldGen       total 84992K, used 11517K [0x0000000085a00000, 0x000000008ad00000, 0x00000000d7380000)
  object space 84992K, 13% used [0x0000000085a00000,0x000000008653f550,0x000000008ad00000)
 Metaspace       used 13992K, capacity 14294K, committed 14592K, reserved 1062912K
  class space    used 1708K, capacity 1789K, committed 1792K, reserved 1048576K
Event: 6,536 GC heap after
Heap after GC invocations=6 (full 0):
 PSYoungGen      total 138240K, used 6945K [0x00000000d7380000, 0x00000000e0680000, 0x0000000100000000)
  eden space 126976K, 0% used [0x00000000d7380000,0x00000000d7380000,0x00000000def80000)
  from space 11264K, 61% used [0x00000000dfb80000,0x00000000e0248748,0x00000000e0680000)
  to   space 11776K, 0% used [0x00000000def80000,0x00000000def80000,0x00000000dfb00000)
 ParOldGen       total 84992K, used 11525K [0x0000000085a00000, 0x000000008ad00000, 0x00000000d7380000)
  object space 84992K, 13% used [0x0000000085a00000,0x0000000086541550,0x000000008ad00000)
 Metaspace       used 13992K, capacity 14294K, committed 14592K, reserved 1062912K
  class space    used 1708K, capacity 1789K, committed 1792K, reserved 1048576K
}
Event: 6,932 GC heap before
{Heap before GC invocations=7 (full 0):
 PSYoungGen      total 138240K, used 133921K [0x00000000d7380000, 0x00000000e0680000, 0x0000000100000000)
  eden space 126976K, 100% used [0x00000000d7380000,0x00000000def80000,0x00000000def80000)
  from space 11264K, 61% used [0x00000000dfb80000,0x00000000e0248748,0x00000000e0680000)
  to   space 11776K, 0% used [0x00000000def80000,0x00000000def80000,0x00000000dfb00000)
 ParOldGen       total 84992K, used 11525K [0x0000000085a00000, 0x000000008ad00000, 0x00000000d7380000)
  object space 84992K, 13% used [0x0000000085a00000,0x0000000086541550,0x000000008ad00000)
 Metaspace       used 14110K, capacity 14376K, committed 14592K, reserved 1062912K
  class space    used 1710K, capacity 1792K, committed 1792K, reserved 1048576K
Event: 6,953 GC heap after
Heap after GC invocations=7 (full 0):
 PSYoungGen      total 138752K, used 4897K [0x00000000d7380000, 0x00000000e8280000, 0x0000000100000000)
  eden space 126976K, 0% used [0x00000000d7380000,0x00000000d7380000,0x00000000def80000)
  from space 11776K, 41% used [0x00000000def80000,0x00000000df4485c0,0x00000000dfb00000)
  to   space 11776K, 0% used [0x00000000e7700000,0x00000000e7700000,0x00000000e8280000)
 ParOldGen       total 84992K, used 13628K [0x0000000085a00000, 0x000000008ad00000, 0x00000000d7380000)
  object space 84992K, 16% used [0x0000000085a00000,0x000000008674f1f0,0x000000008ad00000)
 Metaspace       used 14110K, capacity 14376K, committed 14592K, reserved 1062912K
  class space    used 1710K, capacity 1792K, committed 1792K, reserved 1048576K
}
Event: 7,377 GC heap before
{Heap before GC invocations=8 (full 0):
 PSYoungGen      total 138752K, used 131873K [0x00000000d7380000, 0x00000000e8280000, 0x0000000100000000)
  eden space 126976K, 100% used [0x00000000d7380000,0x00000000def80000,0x00000000def80000)
  from space 11776K, 41% used [0x00000000def80000,0x00000000df4485c0,0x00000000dfb00000)
  to   space 11776K, 0% used [0x00000000e7700000,0x00000000e7700000,0x00000000e8280000)
 ParOldGen       total 84992K, used 13628K [0x0000000085a00000, 0x000000008ad00000, 0x00000000d7380000)
  object space 84992K, 16% used [0x0000000085a00000,0x000000008674f1f0,0x000000008ad00000)
 Metaspace       used 14235K, capacity 14516K, committed 14720K, reserved 1062912K
  class space    used 1713K, capacity 1794K, committed 1920K, reserved 1048576K
Event: 7,383 GC heap after
Heap after GC invocations=8 (full 0):
 PSYoungGen      total 265216K, used 240K [0x00000000d7380000, 0x00000000e8380000, 0x0000000100000000)
  eden space 253440K, 0% used [0x00000000d7380000,0x00000000d7380000,0x00000000e6b00000)
  from space 11776K, 2% used [0x00000000e7700000,0x00000000e773c010,0x00000000e8280000)
  to   space 12288K, 0% used [0x00000000e6b00000,0x00000000e6b00000,0x00000000e7700000)
 ParOldGen       total 84992K, used 16369K [0x0000000085a00000, 0x000000008ad00000, 0x00000000d7380000)
  object space 84992K, 19% used [0x0000000085a00000,0x00000000869fc7f8,0x000000008ad00000)
 Metaspace       used 14235K, capacity 14516K, committed 14720K, reserved 1062912K
  class space    used 1713K, capacity 1794K, committed 1920K, reserved 1048576K
}
Event: 11,192 GC heap before
{Heap before GC invocations=9 (full 0):
 PSYoungGen      total 265216K, used 253680K [0x00000000d7380000, 0x00000000e8380000, 0x0000000100000000)
  eden space 253440K, 100% used [0x00000000d7380000,0x00000000e6b00000,0x00000000e6b00000)
  from space 11776K, 2% used [0x00000000e7700000,0x00000000e773c010,0x00000000e8280000)
  to   space 12288K, 0% used [0x00000000e6b00000,0x00000000e6b00000,0x00000000e7700000)
 ParOldGen       total 84992K, used 16369K [0x0000000085a00000, 0x000000008ad00000, 0x00000000d7380000)
  object space 84992K, 19% used [0x0000000085a00000,0x00000000869fc7f8,0x000000008ad00000)
 Metaspace       used 14375K, capacity 14650K, committed 14976K, reserved 1062912K
  class space    used 1714K, capacity 1795K, committed 1920K, reserved 1048576K

